<?xml version="1.0" encoding="UTF-8"?>
<testsuite name="utest page registration" tests="1" skipped="0" failures="1" errors="0" timestamp="2021-11-19T15:49:51" hostname="A316-Home" time="74.523">
  <properties/>
  <testcase name="register on the platform" classname="utest page registration" time="74.523">
    <failure message="java.lang.AssertionError: Expected answer&#10;Expected: is &lt;true&gt;&#10;     but: was &lt;false&gt;" type="java.lang.AssertionError">java.lang.AssertionError: Expected answer
Expected: is &lt;true&gt;
     but: was &lt;false&gt;
	at net.serenitybdd.screenplay.ErrorTally.throwSummaryExceptionFrom(ErrorTally.java:36)
	at net.serenitybdd.screenplay.ErrorTally.reportAnyErrors(ErrorTally.java:30)
	at net.serenitybdd.screenplay.Actor.should(Actor.java:301)
	at co.com.choucair.certification.proyectobase.stepdefinitions.uteststepdefinitions.youMustEnterTheInformationRequestedThereToMakeTheSuccessfulRegistration(uteststepdefinitions.java:36)
	at ✽.You must enter the information requested there to make the successful registration(src/test/resources/features/utestautomation.feature:9)
</failure>
  </testcase>
  <system-out><![CDATA[]]></system-out>
  <system-err><![CDATA[[Test worker] WARN net.thucydides.core.steps.BaseStepListener - stepStarted: net.thucydides.core.steps.ExecutedStepDescription@6f052347
[Test worker] WARN net.thucydides.core.steps.BaseStepListener - stepStarted: net.thucydides.core.steps.ExecutedStepDescription@38d728b3
[Test worker] WARN net.thucydides.core.steps.BaseStepListener - stepStarted: net.thucydides.core.steps.ExecutedStepDescription@7c0f67c8
nov. 19, 2021 10:49:52 A. M. org.openqa.selenium.remote.DesiredCapabilities chrome
INFORMACIÓN: Using `new ChromeOptions()` is preferred to `DesiredCapabilities.chrome()`
[Test worker] INFO net.serenitybdd.core.webdriver.driverproviders.ProvideNewDriver - Instantiating driver
[Test worker] INFO net.serenitybdd.core.webdriver.driverproviders.ProvideNewDriver - Driver capabilities: Capabilities {acceptInsecureCerts: false, browserName: chrome, chrome.switches: --start-maximized, goog:chromeOptions: {args: [--start-maximized], extensions: []}, loggingPrefs: org.openqa.selenium.logging..., platform: ANY, version: }
Starting ChromeDriver 96.0.4664.45 (76e4c1bb2ab4671b8beba3444e61c0f17584b2fc-refs/branch-heads/4664@{#947}) on port 25817
Only local connections are allowed.
Please see https://chromedriver.chromium.org/security-considerations for suggestions on keeping ChromeDriver safe.
ChromeDriver was started successfully.
nov. 19, 2021 10:49:58 A. M. org.openqa.selenium.remote.ProtocolHandshake createSession
INFORMACIÓN: Detected dialect: W3C
[Test worker] WARN net.thucydides.core.steps.BaseStepListener - stepFinished: current outcome:register on the platform:Given Ivan wants to log in with his personal username [Ivan go [ivan opens the U test page]]
[Test worker] WARN net.thucydides.core.steps.BaseStepListener - stepFinished: current outcome:register on the platform:Given Ivan wants to log in with his personal username [Ivan go [ivan opens the U test page]]
[Test worker] WARN net.thucydides.core.steps.BaseStepListener - stepStarted: net.thucydides.core.steps.ExecutedStepDescription@5e09890
[Test worker] WARN net.thucydides.core.steps.BaseStepListener - stepStarted: net.thucydides.core.steps.ExecutedStepDescription@212e39f7
[Test worker] WARN net.thucydides.core.steps.BaseStepListener - stepFinished: current outcome:register on the platform:Given Ivan wants to log in with his personal username [Ivan go [ivan opens the U test page], Ivan login [ivan clicks on button that shows us the form to register]]
[Test worker] WARN net.thucydides.core.steps.BaseStepListener - stepFinished: current outcome:register on the platform:Given Ivan wants to log in with his personal username [Ivan go [ivan opens the U test page], Ivan login [ivan clicks on button that shows us the form to register]]
[Test worker] WARN net.thucydides.core.steps.BaseStepListener - stepFinished: current outcome:register on the platform:Given Ivan wants to log in with his personal username [Ivan go [ivan opens the U test page], Ivan login [ivan clicks on button that shows us the form to register]]
[Test worker] WARN net.thucydides.core.steps.BaseStepListener - stepStarted: net.thucydides.core.steps.ExecutedStepDescription@8329e7f
[Test worker] WARN net.thucydides.core.steps.BaseStepListener - stepStarted: net.thucydides.core.steps.ExecutedStepDescription@4bc53e47
[Test worker] WARN net.thucydides.core.steps.BaseStepListener - stepStarted: net.thucydides.core.steps.ExecutedStepDescription@4fe10135
[Test worker] WARN net.thucydides.core.steps.BaseStepListener - stepFinished: current outcome:register on the platform:Given Ivan wants to log in with his personal username [Ivan go [ivan opens the U test page], Ivan login [ivan clicks on button that shows us the form to register]], When enter the page and click on the join today button to register [Ivan fill [ivan enters 'Ivan' into enter first name]]
[Test worker] WARN net.thucydides.core.steps.BaseStepListener - stepStarted: net.thucydides.core.steps.ExecutedStepDescription@68ee9d5e
[Test worker] WARN net.thucydides.core.steps.BaseStepListener - stepFinished: current outcome:register on the platform:Given Ivan wants to log in with his personal username [Ivan go [ivan opens the U test page], Ivan login [ivan clicks on button that shows us the form to register]], When enter the page and click on the join today button to register [Ivan fill [ivan enters 'Ivan' into enter first name, ivan enters 'Lopez' into enter last name]]
[Test worker] WARN net.thucydides.core.steps.BaseStepListener - stepStarted: net.thucydides.core.steps.ExecutedStepDescription@58b34648
[Test worker] WARN net.thucydides.core.steps.BaseStepListener - stepFinished: current outcome:register on the platform:Given Ivan wants to log in with his personal username [Ivan go [ivan opens the U test page], Ivan login [ivan clicks on button that shows us the form to register]], When enter the page and click on the join today button to register [Ivan fill [ivan enters 'Ivan' into enter first name, ivan enters 'Lopez' into enter last name, ivan enters 'idlopez@hotmail.com' into enter email]]
[Test worker] WARN net.thucydides.core.steps.BaseStepListener - stepStarted: net.thucydides.core.steps.ExecutedStepDescription@216167f2
[Test worker] WARN net.thucydides.core.steps.BaseStepListener - stepFinished: current outcome:register on the platform:Given Ivan wants to log in with his personal username [Ivan go [ivan opens the U test page], Ivan login [ivan clicks on button that shows us the form to register]], When enter the page and click on the join today button to register [Ivan fill [ivan enters 'Ivan' into enter first name, ivan enters 'Lopez' into enter last name, ivan enters 'idlopez@hotmail.com' into enter email, ivan select September on enter month of birth]]
[Test worker] WARN net.thucydides.core.steps.BaseStepListener - stepStarted: net.thucydides.core.steps.ExecutedStepDescription@56553d58
[Test worker] WARN net.thucydides.core.steps.BaseStepListener - stepFinished: current outcome:register on the platform:Given Ivan wants to log in with his personal username [Ivan go [ivan opens the U test page], Ivan login [ivan clicks on button that shows us the form to register]], When enter the page and click on the join today button to register [Ivan fill [ivan enters 'Ivan' into enter first name, ivan enters 'Lopez' into enter last name, ivan enters 'idlopez@hotmail.com' into enter email, ivan select September on enter month of birth, ivan select 11 on enter birthday day]]
[Test worker] WARN net.thucydides.core.steps.BaseStepListener - stepStarted: net.thucydides.core.steps.ExecutedStepDescription@228ed278
[Test worker] WARN net.thucydides.core.steps.BaseStepListener - stepFinished: current outcome:register on the platform:Given Ivan wants to log in with his personal username [Ivan go [ivan opens the U test page], Ivan login [ivan clicks on button that shows us the form to register]], When enter the page and click on the join today button to register [Ivan fill [ivan enters 'Ivan' into enter first name, ivan enters 'Lopez' into enter last name, ivan enters 'idlopez@hotmail.com' into enter email, ivan select September on enter month of birth, ivan select 11 on enter birthday day, ivan select 1991 on enter year of birth]]
[Test worker] WARN net.thucydides.core.steps.BaseStepListener - stepStarted: net.thucydides.core.steps.ExecutedStepDescription@57b64495
[Test worker] WARN net.thucydides.core.steps.BaseStepListener - stepFinished: current outcome:register on the platform:Given Ivan wants to log in with his personal username [Ivan go [ivan opens the U test page], Ivan login [ivan clicks on button that shows us the form to register]], When enter the page and click on the join today button to register [Ivan fill [ivan enters 'Ivan' into enter first name, ivan enters 'Lopez' into enter last name, ivan enters 'idlopez@hotmail.com' into enter email, ivan select September on enter month of birth, ivan select 11 on enter birthday day, ivan select 1991 on enter year of birth, ivan clicks on select the language]]
[Test worker] WARN net.thucydides.core.steps.BaseStepListener - stepStarted: net.thucydides.core.steps.ExecutedStepDescription@5b7e111c
[Test worker] WARN net.thucydides.core.steps.BaseStepListener - stepFinished: current outcome:register on the platform:Given Ivan wants to log in with his personal username [Ivan go [ivan opens the U test page], Ivan login [ivan clicks on button that shows us the form to register]], When enter the page and click on the join today button to register [Ivan fill [ivan enters 'Ivan' into enter first name, ivan enters 'Lopez' into enter last name, ivan enters 'idlopez@hotmail.com' into enter email, ivan select September on enter month of birth, ivan select 11 on enter birthday day, ivan select 1991 on enter year of birth, ivan clicks on select the language, ivan clicks on button to continue with the registration]]
[Test worker] WARN net.thucydides.core.steps.BaseStepListener - stepStarted: net.thucydides.core.steps.ExecutedStepDescription@341b628
[Test worker] WARN net.thucydides.core.steps.BaseStepListener - stepFinished: current outcome:register on the platform:Given Ivan wants to log in with his personal username [Ivan go [ivan opens the U test page], Ivan login [ivan clicks on button that shows us the form to register]], When enter the page and click on the join today button to register [Ivan fill [ivan enters 'Ivan' into enter first name, ivan enters 'Lopez' into enter last name, ivan enters 'idlopez@hotmail.com' into enter email, ivan select September on enter month of birth, ivan select 11 on enter birthday day, ivan select 1991 on enter year of birth, ivan clicks on select the language, ivan clicks on button to continue with the registration, ivan clicks on select the city]]
[Test worker] WARN net.thucydides.core.steps.BaseStepListener - stepStarted: net.thucydides.core.steps.ExecutedStepDescription@16dae7aa
[Test worker] WARN net.thucydides.core.steps.BaseStepListener - stepFinished: current outcome:register on the platform:Given Ivan wants to log in with his personal username [Ivan go [ivan opens the U test page], Ivan login [ivan clicks on button that shows us the form to register]], When enter the page and click on the join today button to register [Ivan fill [ivan enters 'Ivan' into enter first name, ivan enters 'Lopez' into enter last name, ivan enters 'idlopez@hotmail.com' into enter email, ivan select September on enter month of birth, ivan select 11 on enter birthday day, ivan select 1991 on enter year of birth, ivan clicks on select the language, ivan clicks on button to continue with the registration, ivan clicks on select the city, ivan enters 'Pereira' into select the city]]
[Test worker] WARN net.thucydides.core.steps.BaseStepListener - stepStarted: net.thucydides.core.steps.ExecutedStepDescription@3d7564f4
[Test worker] WARN net.thucydides.core.steps.BaseStepListener - stepFinished: current outcome:register on the platform:Given Ivan wants to log in with his personal username [Ivan go [ivan opens the U test page], Ivan login [ivan clicks on button that shows us the form to register]], When enter the page and click on the join today button to register [Ivan fill [ivan enters 'Ivan' into enter first name, ivan enters 'Lopez' into enter last name, ivan enters 'idlopez@hotmail.com' into enter email, ivan select September on enter month of birth, ivan select 11 on enter birthday day, ivan select 1991 on enter year of birth, ivan clicks on select the language, ivan clicks on button to continue with the registration, ivan clicks on select the city, ivan enters 'Pereira' into select the city, ivan types 'ARROW_DOWN' in select the city]]
[Test worker] WARN net.thucydides.core.steps.BaseStepListener - stepStarted: net.thucydides.core.steps.ExecutedStepDescription@15b25a02
[Test worker] WARN net.thucydides.core.steps.BaseStepListener - stepFinished: current outcome:register on the platform:Given Ivan wants to log in with his personal username [Ivan go [ivan opens the U test page], Ivan login [ivan clicks on button that shows us the form to register]], When enter the page and click on the join today button to register [Ivan fill [ivan enters 'Ivan' into enter first name, ivan enters 'Lopez' into enter last name, ivan enters 'idlopez@hotmail.com' into enter email, ivan select September on enter month of birth, ivan select 11 on enter birthday day, ivan select 1991 on enter year of birth, ivan clicks on select the language, ivan clicks on button to continue with the registration, ivan clicks on select the city, ivan enters 'Pereira' into select the city, ivan types 'ARROW_DOWN' in select the city, ivan types 'ARROW_DOWN' in enter the ZIP]]
[Test worker] WARN net.thucydides.core.steps.BaseStepListener - stepStarted: net.thucydides.core.steps.ExecutedStepDescription@3b0f8800
[Test worker] WARN net.thucydides.core.steps.BaseStepListener - stepFinished: current outcome:register on the platform:Given Ivan wants to log in with his personal username [Ivan go [ivan opens the U test page], Ivan login [ivan clicks on button that shows us the form to register]], When enter the page and click on the join today button to register [Ivan fill [ivan enters 'Ivan' into enter first name, ivan enters 'Lopez' into enter last name, ivan enters 'idlopez@hotmail.com' into enter email, ivan select September on enter month of birth, ivan select 11 on enter birthday day, ivan select 1991 on enter year of birth, ivan clicks on select the language, ivan clicks on button to continue with the registration, ivan clicks on select the city, ivan enters 'Pereira' into select the city, ivan types 'ARROW_DOWN' in select the city, ivan types 'ARROW_DOWN' in enter the ZIP, ivan enters '6600' into enter the ZIP]]
[Test worker] WARN net.thucydides.core.steps.BaseStepListener - stepStarted: net.thucydides.core.steps.ExecutedStepDescription@4f39dcaf
[Test worker] WARN net.thucydides.core.steps.BaseStepListener - stepFinished: current outcome:register on the platform:Given Ivan wants to log in with his personal username [Ivan go [ivan opens the U test page], Ivan login [ivan clicks on button that shows us the form to register]], When enter the page and click on the join today button to register [Ivan fill [ivan enters 'Ivan' into enter first name, ivan enters 'Lopez' into enter last name, ivan enters 'idlopez@hotmail.com' into enter email, ivan select September on enter month of birth, ivan select 11 on enter birthday day, ivan select 1991 on enter year of birth, ivan clicks on select the language, ivan clicks on button to continue with the registration, ivan clicks on select the city, ivan enters 'Pereira' into select the city, ivan types 'ARROW_DOWN' in select the city, ivan types 'ARROW_DOWN' in enter the ZIP, ivan enters '6600' into enter the ZIP, ivan clicks on select the country]]
[Test worker] WARN net.thucydides.core.steps.BaseStepListener - stepStarted: net.thucydides.core.steps.ExecutedStepDescription@6639b76d
[Test worker] WARN net.thucydides.core.steps.BaseStepListener - stepFinished: current outcome:register on the platform:Given Ivan wants to log in with his personal username [Ivan go [ivan opens the U test page], Ivan login [ivan clicks on button that shows us the form to register]], When enter the page and click on the join today button to register [Ivan fill [ivan enters 'Ivan' into enter first name, ivan enters 'Lopez' into enter last name, ivan enters 'idlopez@hotmail.com' into enter email, ivan select September on enter month of birth, ivan select 11 on enter birthday day, ivan select 1991 on enter year of birth, ivan clicks on select the language, ivan clicks on button to continue with the registration, ivan clicks on select the city, ivan enters 'Pereira' into select the city, ivan types 'ARROW_DOWN' in select the city, ivan types 'ARROW_DOWN' in enter the ZIP, ivan enters '6600' into enter the ZIP, ivan clicks on select the country, ivan clicks on button to continue with the registration]]
[Test worker] WARN net.thucydides.core.steps.BaseStepListener - stepStarted: net.thucydides.core.steps.ExecutedStepDescription@6f379456
[Test worker] WARN net.thucydides.core.steps.BaseStepListener - stepFinished: current outcome:register on the platform:Given Ivan wants to log in with his personal username [Ivan go [ivan opens the U test page], Ivan login [ivan clicks on button that shows us the form to register]], When enter the page and click on the join today button to register [Ivan fill [ivan enters 'Ivan' into enter first name, ivan enters 'Lopez' into enter last name, ivan enters 'idlopez@hotmail.com' into enter email, ivan select September on enter month of birth, ivan select 11 on enter birthday day, ivan select 1991 on enter year of birth, ivan clicks on select the language, ivan clicks on button to continue with the registration, ivan clicks on select the city, ivan enters 'Pereira' into select the city, ivan types 'ARROW_DOWN' in select the city, ivan types 'ARROW_DOWN' in enter the ZIP, ivan enters '6600' into enter the ZIP, ivan clicks on select the country, ivan clicks on button to continue with the registration, ivan clicks on enter name mobile]]
[Test worker] WARN net.thucydides.core.steps.BaseStepListener - stepStarted: net.thucydides.core.steps.ExecutedStepDescription@24a76123
[Test worker] WARN net.thucydides.core.steps.BaseStepListener - stepFinished: current outcome:register on the platform:Given Ivan wants to log in with his personal username [Ivan go [ivan opens the U test page], Ivan login [ivan clicks on button that shows us the form to register]], When enter the page and click on the join today button to register [Ivan fill [ivan enters 'Ivan' into enter first name, ivan enters 'Lopez' into enter last name, ivan enters 'idlopez@hotmail.com' into enter email, ivan select September on enter month of birth, ivan select 11 on enter birthday day, ivan select 1991 on enter year of birth, ivan clicks on select the language, ivan clicks on button to continue with the registration, ivan clicks on select the city, ivan enters 'Pereira' into select the city, ivan types 'ARROW_DOWN' in select the city, ivan types 'ARROW_DOWN' in enter the ZIP, ivan enters '6600' into enter the ZIP, ivan clicks on select the country, ivan clicks on button to continue with the registration, ivan clicks on enter name mobile, ivan clicks on enter model mobile]]
[Test worker] WARN net.thucydides.core.steps.BaseStepListener - stepStarted: net.thucydides.core.steps.ExecutedStepDescription@2406711c
[Test worker] WARN net.thucydides.core.steps.BaseStepListener - stepFinished: current outcome:register on the platform:Given Ivan wants to log in with his personal username [Ivan go [ivan opens the U test page], Ivan login [ivan clicks on button that shows us the form to register]], When enter the page and click on the join today button to register [Ivan fill [ivan enters 'Ivan' into enter first name, ivan enters 'Lopez' into enter last name, ivan enters 'idlopez@hotmail.com' into enter email, ivan select September on enter month of birth, ivan select 11 on enter birthday day, ivan select 1991 on enter year of birth, ivan clicks on select the language, ivan clicks on button to continue with the registration, ivan clicks on select the city, ivan enters 'Pereira' into select the city, ivan types 'ARROW_DOWN' in select the city, ivan types 'ARROW_DOWN' in enter the ZIP, ivan enters '6600' into enter the ZIP, ivan clicks on select the country, ivan clicks on button to continue with the registration, ivan clicks on enter name mobile, ivan clicks on enter model mobile, ivan clicks on enter system mobile]]
[Test worker] WARN net.thucydides.core.steps.BaseStepListener - stepStarted: net.thucydides.core.steps.ExecutedStepDescription@4f040739
[Test worker] WARN net.thucydides.core.steps.BaseStepListener - stepFinished: current outcome:register on the platform:Given Ivan wants to log in with his personal username [Ivan go [ivan opens the U test page], Ivan login [ivan clicks on button that shows us the form to register]], When enter the page and click on the join today button to register [Ivan fill [ivan enters 'Ivan' into enter first name, ivan enters 'Lopez' into enter last name, ivan enters 'idlopez@hotmail.com' into enter email, ivan select September on enter month of birth, ivan select 11 on enter birthday day, ivan select 1991 on enter year of birth, ivan clicks on select the language, ivan clicks on button to continue with the registration, ivan clicks on select the city, ivan enters 'Pereira' into select the city, ivan types 'ARROW_DOWN' in select the city, ivan types 'ARROW_DOWN' in enter the ZIP, ivan enters '6600' into enter the ZIP, ivan clicks on select the country, ivan clicks on button to continue with the registration, ivan clicks on enter name mobile, ivan clicks on enter model mobile, ivan clicks on enter system mobile, ivan clicks on button to continue with the registration]]
[Test worker] WARN net.thucydides.core.steps.BaseStepListener - stepStarted: net.thucydides.core.steps.ExecutedStepDescription@21803cf2
[Test worker] WARN net.thucydides.core.steps.BaseStepListener - stepFinished: current outcome:register on the platform:Given Ivan wants to log in with his personal username [Ivan go [ivan opens the U test page], Ivan login [ivan clicks on button that shows us the form to register]], When enter the page and click on the join today button to register [Ivan fill [ivan enters 'Ivan' into enter first name, ivan enters 'Lopez' into enter last name, ivan enters 'idlopez@hotmail.com' into enter email, ivan select September on enter month of birth, ivan select 11 on enter birthday day, ivan select 1991 on enter year of birth, ivan clicks on select the language, ivan clicks on button to continue with the registration, ivan clicks on select the city, ivan enters 'Pereira' into select the city, ivan types 'ARROW_DOWN' in select the city, ivan types 'ARROW_DOWN' in enter the ZIP, ivan enters '6600' into enter the ZIP, ivan clicks on select the country, ivan clicks on button to continue with the registration, ivan clicks on enter name mobile, ivan clicks on enter model mobile, ivan clicks on enter system mobile, ivan clicks on button to continue with the registration, ivan enters '123Amarillo*' into enter the password]]
[Test worker] WARN net.thucydides.core.steps.BaseStepListener - stepStarted: net.thucydides.core.steps.ExecutedStepDescription@fe3f31
[Test worker] WARN net.thucydides.core.steps.BaseStepListener - stepFinished: current outcome:register on the platform:Given Ivan wants to log in with his personal username [Ivan go [ivan opens the U test page], Ivan login [ivan clicks on button that shows us the form to register]], When enter the page and click on the join today button to register [Ivan fill [ivan enters 'Ivan' into enter first name, ivan enters 'Lopez' into enter last name, ivan enters 'idlopez@hotmail.com' into enter email, ivan select September on enter month of birth, ivan select 11 on enter birthday day, ivan select 1991 on enter year of birth, ivan clicks on select the language, ivan clicks on button to continue with the registration, ivan clicks on select the city, ivan enters 'Pereira' into select the city, ivan types 'ARROW_DOWN' in select the city, ivan types 'ARROW_DOWN' in enter the ZIP, ivan enters '6600' into enter the ZIP, ivan clicks on select the country, ivan clicks on button to continue with the registration, ivan clicks on enter name mobile, ivan clicks on enter model mobile, ivan clicks on enter system mobile, ivan clicks on button to continue with the registration, ivan enters '123Amarillo*' into enter the password, ivan enters '123Amarillo*' into enter the confirm password]]
[Test worker] WARN net.thucydides.core.steps.BaseStepListener - stepStarted: net.thucydides.core.steps.ExecutedStepDescription@671039f8
[Test worker] WARN net.thucydides.core.steps.BaseStepListener - stepFinished: current outcome:register on the platform:Given Ivan wants to log in with his personal username [Ivan go [ivan opens the U test page], Ivan login [ivan clicks on button that shows us the form to register]], When enter the page and click on the join today button to register [Ivan fill [ivan enters 'Ivan' into enter first name, ivan enters 'Lopez' into enter last name, ivan enters 'idlopez@hotmail.com' into enter email, ivan select September on enter month of birth, ivan select 11 on enter birthday day, ivan select 1991 on enter year of birth, ivan clicks on select the language, ivan clicks on button to continue with the registration, ivan clicks on select the city, ivan enters 'Pereira' into select the city, ivan types 'ARROW_DOWN' in select the city, ivan types 'ARROW_DOWN' in enter the ZIP, ivan enters '6600' into enter the ZIP, ivan clicks on select the country, ivan clicks on button to continue with the registration, ivan clicks on enter name mobile, ivan clicks on enter model mobile, ivan clicks on enter system mobile, ivan clicks on button to continue with the registration, ivan enters '123Amarillo*' into enter the password, ivan enters '123Amarillo*' into enter the confirm password, ivan clicks on select accept]]
[Test worker] WARN net.thucydides.core.steps.BaseStepListener - stepStarted: net.thucydides.core.steps.ExecutedStepDescription@353f8215
[Test worker] WARN net.thucydides.core.steps.BaseStepListener - stepFinished: current outcome:register on the platform:Given Ivan wants to log in with his personal username [Ivan go [ivan opens the U test page], Ivan login [ivan clicks on button that shows us the form to register]], When enter the page and click on the join today button to register [Ivan fill [ivan enters 'Ivan' into enter first name, ivan enters 'Lopez' into enter last name, ivan enters 'idlopez@hotmail.com' into enter email, ivan select September on enter month of birth, ivan select 11 on enter birthday day, ivan select 1991 on enter year of birth, ivan clicks on select the language, ivan clicks on button to continue with the registration, ivan clicks on select the city, ivan enters 'Pereira' into select the city, ivan types 'ARROW_DOWN' in select the city, ivan types 'ARROW_DOWN' in enter the ZIP, ivan enters '6600' into enter the ZIP, ivan clicks on select the country, ivan clicks on button to continue with the registration, ivan clicks on enter name mobile, ivan clicks on enter model mobile, ivan clicks on enter system mobile, ivan clicks on button to continue with the registration, ivan enters '123Amarillo*' into enter the password, ivan enters '123Amarillo*' into enter the confirm password, ivan clicks on select accept, ivan clicks on select accept]]
[Test worker] WARN net.thucydides.core.steps.BaseStepListener - stepStarted: net.thucydides.core.steps.ExecutedStepDescription@5aeadc59
[Test worker] WARN net.thucydides.core.steps.BaseStepListener - stepFinished: current outcome:register on the platform:Given Ivan wants to log in with his personal username [Ivan go [ivan opens the U test page], Ivan login [ivan clicks on button that shows us the form to register]], When enter the page and click on the join today button to register [Ivan fill [ivan enters 'Ivan' into enter first name, ivan enters 'Lopez' into enter last name, ivan enters 'idlopez@hotmail.com' into enter email, ivan select September on enter month of birth, ivan select 11 on enter birthday day, ivan select 1991 on enter year of birth, ivan clicks on select the language, ivan clicks on button to continue with the registration, ivan clicks on select the city, ivan enters 'Pereira' into select the city, ivan types 'ARROW_DOWN' in select the city, ivan types 'ARROW_DOWN' in enter the ZIP, ivan enters '6600' into enter the ZIP, ivan clicks on select the country, ivan clicks on button to continue with the registration, ivan clicks on enter name mobile, ivan clicks on enter model mobile, ivan clicks on enter system mobile, ivan clicks on button to continue with the registration, ivan enters '123Amarillo*' into enter the password, ivan enters '123Amarillo*' into enter the confirm password, ivan clicks on select accept, ivan clicks on select accept, ivan clicks on select accept]]
[Test worker] WARN net.thucydides.core.steps.BaseStepListener - stepStarted: net.thucydides.core.steps.ExecutedStepDescription@69d60ef8
[Test worker] WARN net.thucydides.core.steps.BaseStepListener - stepFinished: current outcome:register on the platform:Given Ivan wants to log in with his personal username [Ivan go [ivan opens the U test page], Ivan login [ivan clicks on button that shows us the form to register]], When enter the page and click on the join today button to register [Ivan fill [ivan enters 'Ivan' into enter first name, ivan enters 'Lopez' into enter last name, ivan enters 'idlopez@hotmail.com' into enter email, ivan select September on enter month of birth, ivan select 11 on enter birthday day, ivan select 1991 on enter year of birth, ivan clicks on select the language, ivan clicks on button to continue with the registration, ivan clicks on select the city, ivan enters 'Pereira' into select the city, ivan types 'ARROW_DOWN' in select the city, ivan types 'ARROW_DOWN' in enter the ZIP, ivan enters '6600' into enter the ZIP, ivan clicks on select the country, ivan clicks on button to continue with the registration, ivan clicks on enter name mobile, ivan clicks on enter model mobile, ivan clicks on enter system mobile, ivan clicks on button to continue with the registration, ivan enters '123Amarillo*' into enter the password, ivan enters '123Amarillo*' into enter the confirm password, ivan clicks on select accept, ivan clicks on select accept, ivan clicks on select accept, ivan clicks on button to continue with the registration]]
[Test worker] WARN net.thucydides.core.steps.BaseStepListener - stepFinished: current outcome:register on the platform:Given Ivan wants to log in with his personal username [Ivan go [ivan opens the U test page], Ivan login [ivan clicks on button that shows us the form to register]], When enter the page and click on the join today button to register [Ivan fill [ivan enters 'Ivan' into enter first name, ivan enters 'Lopez' into enter last name, ivan enters 'idlopez@hotmail.com' into enter email, ivan select September on enter month of birth, ivan select 11 on enter birthday day, ivan select 1991 on enter year of birth, ivan clicks on select the language, ivan clicks on button to continue with the registration, ivan clicks on select the city, ivan enters 'Pereira' into select the city, ivan types 'ARROW_DOWN' in select the city, ivan types 'ARROW_DOWN' in enter the ZIP, ivan enters '6600' into enter the ZIP, ivan clicks on select the country, ivan clicks on button to continue with the registration, ivan clicks on enter name mobile, ivan clicks on enter model mobile, ivan clicks on enter system mobile, ivan clicks on button to continue with the registration, ivan enters '123Amarillo*' into enter the password, ivan enters '123Amarillo*' into enter the confirm password, ivan clicks on select accept, ivan clicks on select accept, ivan clicks on select accept, ivan clicks on button to continue with the registration]]
[Test worker] WARN net.thucydides.core.steps.BaseStepListener - stepFinished: current outcome:register on the platform:Given Ivan wants to log in with his personal username [Ivan go [ivan opens the U test page], Ivan login [ivan clicks on button that shows us the form to register]], When enter the page and click on the join today button to register [Ivan fill [ivan enters 'Ivan' into enter first name, ivan enters 'Lopez' into enter last name, ivan enters 'idlopez@hotmail.com' into enter email, ivan select September on enter month of birth, ivan select 11 on enter birthday day, ivan select 1991 on enter year of birth, ivan clicks on select the language, ivan clicks on button to continue with the registration, ivan clicks on select the city, ivan enters 'Pereira' into select the city, ivan types 'ARROW_DOWN' in select the city, ivan types 'ARROW_DOWN' in enter the ZIP, ivan enters '6600' into enter the ZIP, ivan clicks on select the country, ivan clicks on button to continue with the registration, ivan clicks on enter name mobile, ivan clicks on enter model mobile, ivan clicks on enter system mobile, ivan clicks on button to continue with the registration, ivan enters '123Amarillo*' into enter the password, ivan enters '123Amarillo*' into enter the confirm password, ivan clicks on select accept, ivan clicks on select accept, ivan clicks on select accept, ivan clicks on button to continue with the registration]]
[Test worker] WARN net.thucydides.core.steps.BaseStepListener - stepStarted: net.thucydides.core.steps.ExecutedStepDescription@4b838eff
[Test worker] WARN net.thucydides.core.steps.BaseStepListener - stepStarted: net.thucydides.core.steps.ExecutedStepDescription@6b10a013
[Test worker] WARN net.thucydides.core.steps.BaseStepListener - testFinished: register on the platform:Given Ivan wants to log in with his personal username [Ivan go [ivan opens the U test page], Ivan login [ivan clicks on button that shows us the form to register]], When enter the page and click on the join today button to register [Ivan fill [ivan enters 'Ivan' into enter first name, ivan enters 'Lopez' into enter last name, ivan enters 'idlopez@hotmail.com' into enter email, ivan select September on enter month of birth, ivan select 11 on enter birthday day, ivan select 1991 on enter year of birth, ivan clicks on select the language, ivan clicks on button to continue with the registration, ivan clicks on select the city, ivan enters 'Pereira' into select the city, ivan types 'ARROW_DOWN' in select the city, ivan types 'ARROW_DOWN' in enter the ZIP, ivan enters '6600' into enter the ZIP, ivan clicks on select the country, ivan clicks on button to continue with the registration, ivan clicks on enter name mobile, ivan clicks on enter model mobile, ivan clicks on enter system mobile, ivan clicks on button to continue with the registration, ivan enters '123Amarillo*' into enter the password, ivan enters '123Amarillo*' into enter the confirm password, ivan clicks on select accept, ivan clicks on select accept, ivan clicks on select accept, ivan clicks on button to continue with the registration]], Then You must enter the information requested there to make the successful registration [Then answer]
[Test worker] WARN net.thucydides.core.steps.BaseStepListener - TestOutcomes: [register on the platform:Given Ivan wants to log in with his personal username [Ivan go [ivan opens the U test page], Ivan login [ivan clicks on button that shows us the form to register]], When enter the page and click on the join today button to register [Ivan fill [ivan enters 'Ivan' into enter first name, ivan enters 'Lopez' into enter last name, ivan enters 'idlopez@hotmail.com' into enter email, ivan select September on enter month of birth, ivan select 11 on enter birthday day, ivan select 1991 on enter year of birth, ivan clicks on select the language, ivan clicks on button to continue with the registration, ivan clicks on select the city, ivan enters 'Pereira' into select the city, ivan types 'ARROW_DOWN' in select the city, ivan types 'ARROW_DOWN' in enter the ZIP, ivan enters '6600' into enter the ZIP, ivan clicks on select the country, ivan clicks on button to continue with the registration, ivan clicks on enter name mobile, ivan clicks on enter model mobile, ivan clicks on enter system mobile, ivan clicks on button to continue with the registration, ivan enters '123Amarillo*' into enter the password, ivan enters '123Amarillo*' into enter the confirm password, ivan clicks on select accept, ivan clicks on select accept, ivan clicks on select accept, ivan clicks on button to continue with the registration]], Then You must enter the information requested there to make the successful registration [Then answer]]
[Test worker] WARN net.thucydides.core.steps.BaseStepListener - Final testOutcomes: [register on the platform:Given Ivan wants to log in with his personal username [Ivan go [ivan opens the U test page], Ivan login [ivan clicks on button that shows us the form to register]], When enter the page and click on the join today button to register [Ivan fill [ivan enters 'Ivan' into enter first name, ivan enters 'Lopez' into enter last name, ivan enters 'idlopez@hotmail.com' into enter email, ivan select September on enter month of birth, ivan select 11 on enter birthday day, ivan select 1991 on enter year of birth, ivan clicks on select the language, ivan clicks on button to continue with the registration, ivan clicks on select the city, ivan enters 'Pereira' into select the city, ivan types 'ARROW_DOWN' in select the city, ivan types 'ARROW_DOWN' in enter the ZIP, ivan enters '6600' into enter the ZIP, ivan clicks on select the country, ivan clicks on button to continue with the registration, ivan clicks on enter name mobile, ivan clicks on enter model mobile, ivan clicks on enter system mobile, ivan clicks on button to continue with the registration, ivan enters '123Amarillo*' into enter the password, ivan enters '123Amarillo*' into enter the confirm password, ivan clicks on select accept, ivan clicks on select accept, ivan clicks on select accept, ivan clicks on button to continue with the registration]], Then You must enter the information requested there to make the successful registration [Then answer]]
[Test worker] ERROR net.thucydides.core.steps.ConsoleLoggingListener - 
           __  _____ _____ ____ _____   _____ _    ___ _     _____ ____  
  _       / / |_   _| ____/ ___|_   _| |  ___/ \  |_ _| |   | ____|  _ \ 
 (_)_____| |    | | |  _| \___ \ | |   | |_ / _ \  | || |   |  _| | | | |
  _|_____| |    | | | |___ ___) || |   |  _/ ___ \ | || |___| |___| |_| |
 (_)     | |    |_| |_____|____/ |_|   |_|/_/   \_\___|_____|_____|____/ 
          \_\                                                            

TEST FAILED: register on the platform
--------------------------------------------------------------------------
[Test worker] ERROR net.thucydides.core.steps.ConsoleLoggingListener - TEST FAILED AT STEP Then answer
[Test worker] ERROR net.thucydides.core.steps.ConsoleLoggingListener - Expected answerExpected: is <true> but: was <false>
]]></system-err>
</testsuite>
